<?xml version="1.0" encoding="UTF-8"?>
<!-- Generated by org.testng.reporters.JUnitReportReporter -->
<testsuite hostname="Kavya" failures="0" tests="1" name="MavenDemoGitJ.MavenDemoGitJenkins.NewTest" time="0.139" errors="0" timestamp="2023-09-26T21:26:01 IST" skipped="0">
  <testcase classname="MavenDemoGitJ.MavenDemoGitJenkins.NewTest" name="checkTest" time="0.139"/>
</testsuite> <!-- MavenDemoGitJ.MavenDemoGitJenkins.NewTest -->
